<!DOCTYPE html>
<html>
<head>
<meta http-equiv="Content-Type" content="text/html; charset=utf-8"/>
<meta http-equiv="x-ua-compatible" content="IE=edge"/>
<title>Test results - Class org.hyperskill.photoeditor.Stage4UnitTest</title>
<link href="../css/base-style.css" rel="stylesheet" type="text/css"/>
<link href="../css/style.css" rel="stylesheet" type="text/css"/>
<script src="../js/report.js" type="text/javascript"></script>
</head>
<body>
<div id="content">
<h1>Class org.hyperskill.photoeditor.Stage4UnitTest</h1>
<div class="breadcrumbs">
<a href="../index.html">all</a> &gt; 
<a href="../packages/org.hyperskill.photoeditor.html">org.hyperskill.photoeditor</a> &gt; Stage4UnitTest</div>
<div id="summary">
<table>
<tr>
<td>
<div class="summaryGroup">
<table>
<tr>
<td>
<div class="infoBox" id="tests">
<div class="counter">9</div>
<p>tests</p>
</div>
</td>
<td>
<div class="infoBox" id="failures">
<div class="counter">3</div>
<p>failures</p>
</div>
</td>
<td>
<div class="infoBox" id="ignored">
<div class="counter">0</div>
<p>ignored</p>
</div>
</td>
<td>
<div class="infoBox" id="duration">
<div class="counter">5.586s</div>
<p>duration</p>
</div>
</td>
</tr>
</table>
</div>
</td>
<td>
<div class="infoBox failures" id="successRate">
<div class="percent">66%</div>
<p>successful</p>
</div>
</td>
</tr>
</table>
</div>
<div id="tabs">
<ul class="tabLinks">
<li>
<a href="#tab0">Failed tests</a>
</li>
<li>
<a href="#tab1">Tests</a>
</li>
</ul>
<div id="tab0" class="tab">
<h2>Failed tests</h2>
<div class="test">
<a name="test05_checkBrightnessBeforeContrastWithHint"></a>
<h3 class="failures">test05_checkBrightnessBeforeContrastWithHint</h3>
<span class="code">
<pre>java.lang.AssertionError: Wrong values after filters been applied. For x=90, y=80, avgBrightness=139, cAlpha=0.5223 expected: &lt;(139, 155, 170)&gt; actual: &lt;(136, 151, 167)&gt;
	at org.junit.Assert.fail(Assert.java:89)
	at org.junit.Assert.assertTrue(Assert.java:42)
	at org.hyperskill.photoeditor.internals.PhotoEditorUnitTest.assertColorsValues(PhotoEditorUnitTest.kt:107)
	at org.hyperskill.photoeditor.Stage4UnitTest$test05_checkBrightnessBeforeContrastWithHint$1.invoke(Stage4UnitTest.kt:119)
	at org.hyperskill.photoeditor.Stage4UnitTest$test05_checkBrightnessBeforeContrastWithHint$1.invoke(Stage4UnitTest.kt:101)
	at org.hyperskill.photoeditor.internals.AbstractUnitTest.testActivity(AbstractUnitTest.kt:94)
	at org.hyperskill.photoeditor.internals.AbstractUnitTest.testActivity$default(AbstractUnitTest.kt:77)
	at org.hyperskill.photoeditor.Stage4UnitTest.test05_checkBrightnessBeforeContrastWithHint(Stage4UnitTest.kt:101)
	at java.base/jdk.internal.reflect.DirectMethodHandleAccessor.invoke(DirectMethodHandleAccessor.java:103)
	at java.base/java.lang.reflect.Method.invoke(Method.java:580)
	at org.junit.runners.model.FrameworkMethod$1.runReflectiveCall(FrameworkMethod.java:59)
	at org.junit.internal.runners.model.ReflectiveCallable.run(ReflectiveCallable.java:12)
	at org.junit.runners.model.FrameworkMethod.invokeExplosively(FrameworkMethod.java:56)
	at org.junit.internal.runners.statements.InvokeMethod.evaluate(InvokeMethod.java:17)
	at org.junit.runners.ParentRunner$3.evaluate(ParentRunner.java:306)
	at org.robolectric.RobolectricTestRunner$HelperTestRunner$1.evaluate(RobolectricTestRunner.java:502)
	at org.robolectric.internal.SandboxTestRunner$2.lambda$evaluate$2(SandboxTestRunner.java:285)
	at org.robolectric.internal.bytecode.Sandbox.lambda$runOnMainThread$0(Sandbox.java:104)
	at java.base/java.util.concurrent.FutureTask.run(FutureTask.java:317)
	at java.base/java.util.concurrent.ThreadPoolExecutor.runWorker(ThreadPoolExecutor.java:1144)
	at java.base/java.util.concurrent.ThreadPoolExecutor$Worker.run(ThreadPoolExecutor.java:642)
	at java.base/java.lang.Thread.run(Thread.java:1583)
</pre>
</span>
</div>
<div class="test">
<a name="test06_checkBrightnessBeforeContrastWithoutHint"></a>
<h3 class="failures">test06_checkBrightnessBeforeContrastWithoutHint</h3>
<span class="code">
<pre>java.lang.AssertionError: Wrong values after filters been applied. For x=90, y=80 expected: &lt;(149, 177, 205)&gt; actual: &lt;(131, 159, 186)&gt;
	at org.junit.Assert.fail(Assert.java:89)
	at org.junit.Assert.assertTrue(Assert.java:42)
	at org.hyperskill.photoeditor.internals.PhotoEditorUnitTest.assertColorsValues(PhotoEditorUnitTest.kt:106)
	at org.hyperskill.photoeditor.Stage4UnitTest$test06_checkBrightnessBeforeContrastWithoutHint$1.invoke(Stage4UnitTest.kt:142)
	at org.hyperskill.photoeditor.Stage4UnitTest$test06_checkBrightnessBeforeContrastWithoutHint$1.invoke(Stage4UnitTest.kt:125)
	at org.hyperskill.photoeditor.internals.AbstractUnitTest.testActivity(AbstractUnitTest.kt:94)
	at org.hyperskill.photoeditor.internals.AbstractUnitTest.testActivity$default(AbstractUnitTest.kt:77)
	at org.hyperskill.photoeditor.Stage4UnitTest.test06_checkBrightnessBeforeContrastWithoutHint(Stage4UnitTest.kt:125)
	at java.base/jdk.internal.reflect.DirectMethodHandleAccessor.invoke(DirectMethodHandleAccessor.java:103)
	at java.base/java.lang.reflect.Method.invoke(Method.java:580)
	at org.junit.runners.model.FrameworkMethod$1.runReflectiveCall(FrameworkMethod.java:59)
	at org.junit.internal.runners.model.ReflectiveCallable.run(ReflectiveCallable.java:12)
	at org.junit.runners.model.FrameworkMethod.invokeExplosively(FrameworkMethod.java:56)
	at org.junit.internal.runners.statements.InvokeMethod.evaluate(InvokeMethod.java:17)
	at org.junit.runners.ParentRunner$3.evaluate(ParentRunner.java:306)
	at org.robolectric.RobolectricTestRunner$HelperTestRunner$1.evaluate(RobolectricTestRunner.java:502)
	at org.robolectric.internal.SandboxTestRunner$2.lambda$evaluate$2(SandboxTestRunner.java:285)
	at org.robolectric.internal.bytecode.Sandbox.lambda$runOnMainThread$0(Sandbox.java:104)
	at java.base/java.util.concurrent.FutureTask.run(FutureTask.java:317)
	at java.base/java.util.concurrent.ThreadPoolExecutor.runWorker(ThreadPoolExecutor.java:1144)
	at java.base/java.util.concurrent.ThreadPoolExecutor$Worker.run(ThreadPoolExecutor.java:642)
	at java.base/java.lang.Thread.run(Thread.java:1583)
</pre>
</span>
</div>
<div class="test">
<a name="test07_checkBrightnessBeforeContrastWiderSample"></a>
<h3 class="failures">test07_checkBrightnessBeforeContrastWiderSample</h3>
<span class="code">
<pre>java.lang.AssertionError: Wrong values after filters been applied. For x=10, y=40 expected: &lt;(0, 118, 232)&gt; actual: &lt;(0, 108, 222)&gt;
	at org.junit.Assert.fail(Assert.java:89)
	at org.junit.Assert.assertTrue(Assert.java:42)
	at org.hyperskill.photoeditor.internals.PhotoEditorUnitTest.assertColorsValues(PhotoEditorUnitTest.kt:107)
	at org.hyperskill.photoeditor.Stage4UnitTest$test07_checkBrightnessBeforeContrastWiderSample$1.invoke(Stage4UnitTest.kt:191)
	at org.hyperskill.photoeditor.Stage4UnitTest$test07_checkBrightnessBeforeContrastWiderSample$1.invoke(Stage4UnitTest.kt:148)
	at org.hyperskill.photoeditor.internals.AbstractUnitTest.testActivity(AbstractUnitTest.kt:94)
	at org.hyperskill.photoeditor.internals.AbstractUnitTest.testActivity$default(AbstractUnitTest.kt:77)
	at org.hyperskill.photoeditor.Stage4UnitTest.test07_checkBrightnessBeforeContrastWiderSample(Stage4UnitTest.kt:148)
	at java.base/jdk.internal.reflect.DirectMethodHandleAccessor.invoke(DirectMethodHandleAccessor.java:103)
	at java.base/java.lang.reflect.Method.invoke(Method.java:580)
	at org.junit.runners.model.FrameworkMethod$1.runReflectiveCall(FrameworkMethod.java:59)
	at org.junit.internal.runners.model.ReflectiveCallable.run(ReflectiveCallable.java:12)
	at org.junit.runners.model.FrameworkMethod.invokeExplosively(FrameworkMethod.java:56)
	at org.junit.internal.runners.statements.InvokeMethod.evaluate(InvokeMethod.java:17)
	at org.junit.runners.ParentRunner$3.evaluate(ParentRunner.java:306)
	at org.robolectric.RobolectricTestRunner$HelperTestRunner$1.evaluate(RobolectricTestRunner.java:502)
	at org.robolectric.internal.SandboxTestRunner$2.lambda$evaluate$2(SandboxTestRunner.java:285)
	at org.robolectric.internal.bytecode.Sandbox.lambda$runOnMainThread$0(Sandbox.java:104)
	at java.base/java.util.concurrent.FutureTask.run(FutureTask.java:317)
	at java.base/java.util.concurrent.ThreadPoolExecutor.runWorker(ThreadPoolExecutor.java:1144)
	at java.base/java.util.concurrent.ThreadPoolExecutor$Worker.run(ThreadPoolExecutor.java:642)
	at java.base/java.lang.Thread.run(Thread.java:1583)
</pre>
</span>
</div>
</div>
<div id="tab1" class="tab">
<h2>Tests</h2>
<table>
<thead>
<tr>
<th>Test</th>
<th>Duration</th>
<th>Result</th>
</tr>
</thead>
<tr>
<td class="success">test01_checkSliderContrast</td>
<td class="success">3.432s</td>
<td class="success">passed</td>
</tr>
<tr>
<td class="success">test02_checkSliderContrastNotCrashingByDefault</td>
<td class="success">0.125s</td>
<td class="success">passed</td>
</tr>
<tr>
<td class="success">test03_checkContrastOnlyWithHint</td>
<td class="success">0.291s</td>
<td class="success">passed</td>
</tr>
<tr>
<td class="success">test04_checkContrastOnlyWithoutHint</td>
<td class="success">0.294s</td>
<td class="success">passed</td>
</tr>
<tr>
<td class="failures">test05_checkBrightnessBeforeContrastWithHint</td>
<td class="failures">0.323s</td>
<td class="failures">failed</td>
</tr>
<tr>
<td class="failures">test06_checkBrightnessBeforeContrastWithoutHint</td>
<td class="failures">0.293s</td>
<td class="failures">failed</td>
</tr>
<tr>
<td class="failures">test07_checkBrightnessBeforeContrastWiderSample</td>
<td class="failures">0.286s</td>
<td class="failures">failed</td>
</tr>
<tr>
<td class="success">test08_checkContrastBeforeBrightnessWithHint</td>
<td class="success">0.279s</td>
<td class="success">passed</td>
</tr>
<tr>
<td class="success">test09_checkContrastBeforeBrightnessWithoutHint</td>
<td class="success">0.263s</td>
<td class="success">passed</td>
</tr>
</table>
</div>
</div>
<div id="footer">
<p>
<div>
<label class="hidden" id="label-for-line-wrapping-toggle" for="line-wrapping-toggle">Wrap lines
<input id="line-wrapping-toggle" type="checkbox" autocomplete="off"/>
</label>
</div>Generated by 
<a href="http://www.gradle.org">Gradle 8.9</a> at Jan 13, 2025, 1:01:52â€¯PM</p>
</div>
</div>
</body>
</html>
