<?xml version="1.0" encoding="UTF-8"?>
<testsuite name="org.hyperskill.photoeditor.Stage4UnitTest" tests="9" skipped="0" failures="2" errors="0" timestamp="2025-01-15T20:13:18" hostname="MacBook-Air-Wioleta.local" time="5.801">
  <properties/>
  <testcase name="test01_checkSliderContrast" classname="org.hyperskill.photoeditor.Stage4UnitTest" time="3.687"/>
  <testcase name="test02_checkSliderContrastNotCrashingByDefault" classname="org.hyperskill.photoeditor.Stage4UnitTest" time="0.13"/>
  <testcase name="test03_checkContrastOnlyWithHint" classname="org.hyperskill.photoeditor.Stage4UnitTest" time="0.277"/>
  <testcase name="test04_checkContrastOnlyWithoutHint" classname="org.hyperskill.photoeditor.Stage4UnitTest" time="0.286"/>
  <testcase name="test05_checkBrightnessBeforeContrastWithHint" classname="org.hyperskill.photoeditor.Stage4UnitTest" time="0.283"/>
  <testcase name="test06_checkBrightnessBeforeContrastWithoutHint" classname="org.hyperskill.photoeditor.Stage4UnitTest" time="0.283"/>
  <testcase name="test07_checkBrightnessBeforeContrastWiderSample" classname="org.hyperskill.photoeditor.Stage4UnitTest" time="0.301"/>
  <testcase name="test08_checkContrastBeforeBrightnessWithHint" classname="org.hyperskill.photoeditor.Stage4UnitTest" time="0.287">
    <failure message="java.lang.AssertionError: Wrong values after filters been applied.  For x=90, y=80, avgBrightness=70, cAlpha=2.2903 expected: &lt;(70, 138, 207)&gt; actual: &lt;(10, 78, 147)&gt;" type="java.lang.AssertionError">java.lang.AssertionError: Wrong values after filters been applied.  For x=90, y=80, avgBrightness=70, cAlpha=2.2903 expected: &lt;(70, 138, 207)&gt; actual: &lt;(10, 78, 147)&gt;
	at org.junit.Assert.fail(Assert.java:89)
	at org.junit.Assert.assertTrue(Assert.java:42)
	at org.hyperskill.photoeditor.internals.PhotoEditorUnitTest.assertColorsValues(PhotoEditorUnitTest.kt:106)
	at org.hyperskill.photoeditor.Stage4UnitTest$test08_checkContrastBeforeBrightnessWithHint$1.invoke(Stage4UnitTest.kt:221)
	at org.hyperskill.photoeditor.Stage4UnitTest$test08_checkContrastBeforeBrightnessWithHint$1.invoke(Stage4UnitTest.kt:201)
	at org.hyperskill.photoeditor.internals.AbstractUnitTest.testActivity(AbstractUnitTest.kt:94)
	at org.hyperskill.photoeditor.internals.AbstractUnitTest.testActivity$default(AbstractUnitTest.kt:77)
	at org.hyperskill.photoeditor.Stage4UnitTest.test08_checkContrastBeforeBrightnessWithHint(Stage4UnitTest.kt:201)
	at java.base/jdk.internal.reflect.DirectMethodHandleAccessor.invoke(DirectMethodHandleAccessor.java:103)
	at java.base/java.lang.reflect.Method.invoke(Method.java:580)
	at org.junit.runners.model.FrameworkMethod$1.runReflectiveCall(FrameworkMethod.java:59)
	at org.junit.internal.runners.model.ReflectiveCallable.run(ReflectiveCallable.java:12)
	at org.junit.runners.model.FrameworkMethod.invokeExplosively(FrameworkMethod.java:56)
	at org.junit.internal.runners.statements.InvokeMethod.evaluate(InvokeMethod.java:17)
	at org.junit.runners.ParentRunner$3.evaluate(ParentRunner.java:306)
	at org.robolectric.RobolectricTestRunner$HelperTestRunner$1.evaluate(RobolectricTestRunner.java:502)
	at org.robolectric.internal.SandboxTestRunner$2.lambda$evaluate$2(SandboxTestRunner.java:285)
	at org.robolectric.internal.bytecode.Sandbox.lambda$runOnMainThread$0(Sandbox.java:104)
	at java.base/java.util.concurrent.FutureTask.run(FutureTask.java:317)
	at java.base/java.util.concurrent.ThreadPoolExecutor.runWorker(ThreadPoolExecutor.java:1144)
	at java.base/java.util.concurrent.ThreadPoolExecutor$Worker.run(ThreadPoolExecutor.java:642)
	at java.base/java.lang.Thread.run(Thread.java:1583)
</failure>
  </testcase>
  <testcase name="test09_checkContrastBeforeBrightnessWithoutHint" classname="org.hyperskill.photoeditor.Stage4UnitTest" time="0.266">
    <failure message="java.lang.AssertionError: Wrong values after filters been applied.  For x=90, y=80 expected: &lt;(141, 210, 255)&gt; actual: &lt;(151, 220, 255)&gt;" type="java.lang.AssertionError">java.lang.AssertionError: Wrong values after filters been applied.  For x=90, y=80 expected: &lt;(141, 210, 255)&gt; actual: &lt;(151, 220, 255)&gt;
	at org.junit.Assert.fail(Assert.java:89)
	at org.junit.Assert.assertTrue(Assert.java:42)
	at org.hyperskill.photoeditor.internals.PhotoEditorUnitTest.assertColorsValues(PhotoEditorUnitTest.kt:106)
	at org.hyperskill.photoeditor.Stage4UnitTest$test09_checkContrastBeforeBrightnessWithoutHint$1.invoke(Stage4UnitTest.kt:248)
	at org.hyperskill.photoeditor.Stage4UnitTest$test09_checkContrastBeforeBrightnessWithoutHint$1.invoke(Stage4UnitTest.kt:228)
	at org.hyperskill.photoeditor.internals.AbstractUnitTest.testActivity(AbstractUnitTest.kt:94)
	at org.hyperskill.photoeditor.internals.AbstractUnitTest.testActivity$default(AbstractUnitTest.kt:77)
	at org.hyperskill.photoeditor.Stage4UnitTest.test09_checkContrastBeforeBrightnessWithoutHint(Stage4UnitTest.kt:228)
	at java.base/jdk.internal.reflect.DirectMethodHandleAccessor.invoke(DirectMethodHandleAccessor.java:103)
	at java.base/java.lang.reflect.Method.invoke(Method.java:580)
	at org.junit.runners.model.FrameworkMethod$1.runReflectiveCall(FrameworkMethod.java:59)
	at org.junit.internal.runners.model.ReflectiveCallable.run(ReflectiveCallable.java:12)
	at org.junit.runners.model.FrameworkMethod.invokeExplosively(FrameworkMethod.java:56)
	at org.junit.internal.runners.statements.InvokeMethod.evaluate(InvokeMethod.java:17)
	at org.junit.runners.ParentRunner$3.evaluate(ParentRunner.java:306)
	at org.robolectric.RobolectricTestRunner$HelperTestRunner$1.evaluate(RobolectricTestRunner.java:502)
	at org.robolectric.internal.SandboxTestRunner$2.lambda$evaluate$2(SandboxTestRunner.java:285)
	at org.robolectric.internal.bytecode.Sandbox.lambda$runOnMainThread$0(Sandbox.java:104)
	at java.base/java.util.concurrent.FutureTask.run(FutureTask.java:317)
	at java.base/java.util.concurrent.ThreadPoolExecutor.runWorker(ThreadPoolExecutor.java:1144)
	at java.base/java.util.concurrent.ThreadPoolExecutor$Worker.run(ThreadPoolExecutor.java:642)
	at java.base/java.lang.Thread.run(Thread.java:1583)
</failure>
  </testcase>
  <system-out><![CDATA[]]></system-out>
  <system-err><![CDATA[]]></system-err>
</testsuite>
